mode: set
_/home/alexfmsu/GoMail/msu-go-11/7/99_homework/myorm/main.go:10.13,45.2 24 0
_/home/alexfmsu/GoMail/msu-go-11/7/99_homework/myorm/main.go:48.28,49.16 1 0
_/home/alexfmsu/GoMail/msu-go-11/7/99_homework/myorm/main.go:49.16,50.13 1 0
_/home/alexfmsu/GoMail/msu-go-11/7/99_homework/myorm/main.go:54.16,56.2 1 0
_/home/alexfmsu/GoMail/msu-go-11/7/99_homework/myorm/main.go:57.43,63.2 4 0
_/home/alexfmsu/GoMail/msu-go-11/7/99_homework/myorm/main.go:64.93,69.16 3 1
_/home/alexfmsu/GoMail/msu-go-11/7/99_homework/myorm/main.go:80.2,80.12 1 1
_/home/alexfmsu/GoMail/msu-go-11/7/99_homework/myorm/main.go:69.16,71.3 1 0
